<?xml version="1.0" encoding="UTF-8"?>
<!-- Generated by org.testng.reporters.JUnitReportReporter -->
<testsuite hostname="juneahnui-iMac.local" failures="0" tests="1" name="com.ahnlab.setup.AndroidSetup" time="48.971" errors="0" timestamp="27 11ì›” 2018 07:07:32 GMT" skipped="0">
  <testcase classname="com.ahnlab.setup.AndroidSetup" name="testMethod" time="48.971"/>
</testsuite> <!-- com.ahnlab.setup.AndroidSetup -->
