<?xml version="1.0" encoding="UTF-8"?>
<!-- Generated by org.testng.reporters.JUnitReportReporter -->
<testsuite hostname="juneahnui-iMac.local" failures="0" tests="1" name="AppiumTest" time="50.054" errors="0" timestamp="07 11ì›” 2018 08:21:31 GMT" skipped="0">
  <testcase classname="AppiumTest" name="falseLoginTest" time="50.054"/>
</testsuite> <!-- AppiumTest -->
