<?xml version="1.0" encoding="UTF-8"?>
<!-- Generated by org.testng.reporters.JUnitReportReporter -->
<testsuite hostname="juneahnui-iMac.local" failures="0" tests="1" name="com.ahnlab.android.testscripts.TestScript" time="60.431" errors="0" timestamp="22 11ì›” 2018 01:38:13 GMT" skipped="0">
  <testcase classname="com.ahnlab.android.testscripts.TestScript" name="Test" time="60.431"/>
</testsuite> <!-- com.ahnlab.android.testscripts.TestScript -->
