<?xml version="1.0" encoding="UTF-8"?>
<testsuite xmlns:xsi="http://www.w3.org/2001/XMLSchema-instance" xsi:noNamespaceSchemaLocation="https://maven.apache.org/surefire/maven-surefire-plugin/xsd/surefire-test-report.xsd" name="TestSuite" time="80.698" tests="6" errors="0" skipped="4" failures="2">
  <properties>
    <property name="gopherProxySet" value="false"/>
    <property name="awt.toolkit" value="sun.lwawt.macosx.LWCToolkit"/>
    <property name="file.encoding.pkg" value="sun.io"/>
    <property name="java.specification.version" value="1.8"/>
    <property name="sun.cpu.isalist" value=""/>
    <property name="sun.jnu.encoding" value="UTF-8"/>
    <property name="java.class.path" value="/Users/juneahn/.m2/repository/org/apache/maven/surefire/surefire-booter/2.22.0/surefire-booter-2.22.0.jar:/Users/juneahn/.m2/repository/org/apache/maven/surefire/surefire-api/2.22.0/surefire-api-2.22.0.jar:/Users/juneahn/.m2/repository/org/apache/maven/surefire/surefire-logger-api/2.22.0/surefire-logger-api-2.22.0.jar:/Users/juneahn/git/m_blia/target/test-classes:/Users/juneahn/git/m_blia/target/classes:/Users/juneahn/.m2/repository/xml-apis/xml-apis/1.4.01/xml-apis-1.4.01.jar:/Users/juneahn/.m2/repository/javax/xml/bind/jaxb-api/2.3.1/jaxb-api-2.3.1.jar:/Users/juneahn/.m2/repository/javax/activation/javax.activation-api/1.2.0/javax.activation-api-1.2.0.jar:/Users/juneahn/.m2/repository/com/sun/xml/bind/jaxb-core/2.2.11/jaxb-core-2.2.11.jar:/Users/juneahn/.m2/repository/com/sun/xml/bind/jaxb-impl/2.2.11/jaxb-impl-2.2.11.jar:/Users/juneahn/.m2/repository/org/glassfish/jaxb/jaxb-runtime/2.3.0/jaxb-runtime-2.3.0.jar:/Users/juneahn/.m2/repository/org/glassfish/jaxb/jaxb-core/2.3.0/jaxb-core-2.3.0.jar:/Users/juneahn/.m2/repository/org/glassfish/jaxb/txw2/2.3.0/txw2-2.3.0.jar:/Users/juneahn/.m2/repository/com/sun/istack/istack-commons-runtime/3.0.5/istack-commons-runtime-3.0.5.jar:/Users/juneahn/.m2/repository/org/jvnet/staxex/stax-ex/1.7.8/stax-ex-1.7.8.jar:/Users/juneahn/.m2/repository/com/sun/xml/fastinfoset/FastInfoset/1.2.13/FastInfoset-1.2.13.jar:/Users/juneahn/.m2/repository/javax/activation/activation/1.1.1/activation-1.1.1.jar:/Users/juneahn/.m2/repository/io/appium/java-client/7.0.0/java-client-7.0.0.jar:/Users/juneahn/.m2/repository/org/seleniumhq/selenium/selenium-support/3.141.59/selenium-support-3.141.59.jar:/Users/juneahn/.m2/repository/org/seleniumhq/selenium/selenium-remote-driver/3.141.59/selenium-remote-driver-3.141.59.jar:/Users/juneahn/.m2/repository/net/bytebuddy/byte-buddy/1.8.15/byte-buddy-1.8.15.jar:/Users/juneahn/.m2/repository/org/apache/commons/commons-exec/1.3/commons-exec-1.3.jar:/Users/juneahn/.m2/repository/com/squareup/okhttp3/okhttp/3.11.0/okhttp-3.11.0.jar:/Users/juneahn/.m2/repository/com/squareup/okio/okio/1.14.0/okio-1.14.0.jar:/Users/juneahn/.m2/repository/org/seleniumhq/selenium/selenium-api/3.141.59/selenium-api-3.141.59.jar:/Users/juneahn/.m2/repository/com/google/code/gson/gson/2.8.5/gson-2.8.5.jar:/Users/juneahn/.m2/repository/org/apache/httpcomponents/httpclient/4.5.6/httpclient-4.5.6.jar:/Users/juneahn/.m2/repository/org/apache/httpcomponents/httpcore/4.4.10/httpcore-4.4.10.jar:/Users/juneahn/.m2/repository/commons-logging/commons-logging/1.2/commons-logging-1.2.jar:/Users/juneahn/.m2/repository/commons-codec/commons-codec/1.10/commons-codec-1.10.jar:/Users/juneahn/.m2/repository/cglib/cglib/3.2.8/cglib-3.2.8.jar:/Users/juneahn/.m2/repository/org/ow2/asm/asm/6.2.1/asm-6.2.1.jar:/Users/juneahn/.m2/repository/org/apache/ant/ant/1.10.3/ant-1.10.3.jar:/Users/juneahn/.m2/repository/org/apache/ant/ant-launcher/1.10.3/ant-launcher-1.10.3.jar:/Users/juneahn/.m2/repository/commons-validator/commons-validator/1.6/commons-validator-1.6.jar:/Users/juneahn/.m2/repository/commons-beanutils/commons-beanutils/1.9.2/commons-beanutils-1.9.2.jar:/Users/juneahn/.m2/repository/commons-digester/commons-digester/1.8.1/commons-digester-1.8.1.jar:/Users/juneahn/.m2/repository/commons-collections/commons-collections/3.2.2/commons-collections-3.2.2.jar:/Users/juneahn/.m2/repository/org/apache/commons/commons-lang3/3.8/commons-lang3-3.8.jar:/Users/juneahn/.m2/repository/commons-io/commons-io/2.6/commons-io-2.6.jar:/Users/juneahn/.m2/repository/org/springframework/spring-context/5.1.0.RELEASE/spring-context-5.1.0.RELEASE.jar:/Users/juneahn/.m2/repository/org/springframework/spring-aop/5.1.0.RELEASE/spring-aop-5.1.0.RELEASE.jar:/Users/juneahn/.m2/repository/org/springframework/spring-beans/5.1.0.RELEASE/spring-beans-5.1.0.RELEASE.jar:/Users/juneahn/.m2/repository/org/springframework/spring-core/5.1.0.RELEASE/spring-core-5.1.0.RELEASE.jar:/Users/juneahn/.m2/repository/org/springframework/spring-jcl/5.1.0.RELEASE/spring-jcl-5.1.0.RELEASE.jar:/Users/juneahn/.m2/repository/org/springframework/spring-expression/5.1.0.RELEASE/spring-expression-5.1.0.RELEASE.jar:/Users/juneahn/.m2/repository/org/aspectj/aspectjweaver/1.9.1/aspectjweaver-1.9.1.jar:/Users/juneahn/.m2/repository/org/slf4j/slf4j-api/1.7.25/slf4j-api-1.7.25.jar:/Users/juneahn/.m2/repository/com/google/guava/guava/23.0/guava-23.0.jar:/Users/juneahn/.m2/repository/com/google/code/findbugs/jsr305/1.3.9/jsr305-1.3.9.jar:/Users/juneahn/.m2/repository/com/google/errorprone/error_prone_annotations/2.0.18/error_prone_annotations-2.0.18.jar:/Users/juneahn/.m2/repository/com/google/j2objc/j2objc-annotations/1.1/j2objc-annotations-1.1.jar:/Users/juneahn/.m2/repository/org/codehaus/mojo/animal-sniffer-annotations/1.14/animal-sniffer-annotations-1.14.jar:/Users/juneahn/.m2/repository/org/testng/testng/6.14.3/testng-6.14.3.jar:/Users/juneahn/.m2/repository/com/beust/jcommander/1.72/jcommander-1.72.jar:/Users/juneahn/.m2/repository/org/apache-extras/beanshell/bsh/2.0b6/bsh-2.0b6.jar:/Users/juneahn/.m2/repository/org/seleniumhq/selenium/selenium-java/3.0.1/selenium-java-3.0.1.jar:/Users/juneahn/.m2/repository/org/seleniumhq/selenium/selenium-chrome-driver/3.0.1/selenium-chrome-driver-3.0.1.jar:/Users/juneahn/.m2/repository/org/seleniumhq/selenium/selenium-edge-driver/3.0.1/selenium-edge-driver-3.0.1.jar:/Users/juneahn/.m2/repository/org/seleniumhq/selenium/selenium-firefox-driver/3.0.1/selenium-firefox-driver-3.0.1.jar:/Users/juneahn/.m2/repository/org/seleniumhq/selenium/selenium-ie-driver/3.0.1/selenium-ie-driver-3.0.1.jar:/Users/juneahn/.m2/repository/org/seleniumhq/selenium/selenium-opera-driver/3.0.1/selenium-opera-driver-3.0.1.jar:/Users/juneahn/.m2/repository/org/seleniumhq/selenium/selenium-safari-driver/3.0.1/selenium-safari-driver-3.0.1.jar:/Users/juneahn/.m2/repository/io/netty/netty/3.5.7.Final/netty-3.5.7.Final.jar:/Users/juneahn/.m2/repository/net/sourceforge/htmlunit/htmlunit/2.23/htmlunit-2.23.jar:/Users/juneahn/.m2/repository/xalan/xalan/2.7.2/xalan-2.7.2.jar:/Users/juneahn/.m2/repository/xalan/serializer/2.7.2/serializer-2.7.2.jar:/Users/juneahn/.m2/repository/net/sourceforge/htmlunit/htmlunit-core-js/2.23/htmlunit-core-js-2.23.jar:/Users/juneahn/.m2/repository/net/sourceforge/htmlunit/neko-htmlunit/2.23/neko-htmlunit-2.23.jar:/Users/juneahn/.m2/repository/xerces/xercesImpl/2.11.0/xercesImpl-2.11.0.jar:/Users/juneahn/.m2/repository/net/sourceforge/cssparser/cssparser/0.9.20/cssparser-0.9.20.jar:/Users/juneahn/.m2/repository/org/w3c/css/sac/1.3/sac-1.3.jar:/Users/juneahn/.m2/repository/com/codeborne/phantomjsdriver/1.3.0/phantomjsdriver-1.3.0.jar:/Users/juneahn/.m2/repository/org/eclipse/jetty/websocket/websocket-client/9.2.15.v20160210/websocket-client-9.2.15.v20160210.jar:/Users/juneahn/.m2/repository/org/eclipse/jetty/jetty-util/9.2.15.v20160210/jetty-util-9.2.15.v20160210.jar:/Users/juneahn/.m2/repository/org/eclipse/jetty/jetty-io/9.2.15.v20160210/jetty-io-9.2.15.v20160210.jar:/Users/juneahn/.m2/repository/org/eclipse/jetty/websocket/websocket-common/9.2.15.v20160210/websocket-common-9.2.15.v20160210.jar:/Users/juneahn/.m2/repository/org/eclipse/jetty/websocket/websocket-api/9.2.15.v20160210/websocket-api-9.2.15.v20160210.jar:/Users/juneahn/.m2/repository/com/aventstack/extentreports/4.0.6/extentreports-4.0.6.jar:/Users/juneahn/.m2/repository/org/freemarker/freemarker/2.3.23/freemarker-2.3.23.jar:/Users/juneahn/.m2/repository/org/mongodb/mongodb-driver/3.3.0/mongodb-driver-3.3.0.jar:/Users/juneahn/.m2/repository/org/mongodb/mongodb-driver-core/3.3.0/mongodb-driver-core-3.3.0.jar:/Users/juneahn/.m2/repository/org/mongodb/bson/3.3.0/bson-3.3.0.jar:/Users/juneahn/.m2/repository/org/apache/httpcomponents/httpmime/4.5.2/httpmime-4.5.2.jar:/Users/juneahn/.m2/repository/io/qameta/allure/allure-testng/2.8.1/allure-testng-2.8.1.jar:/Users/juneahn/.m2/repository/io/qameta/allure/allure-descriptions-javadoc/2.8.1/allure-descriptions-javadoc-2.8.1.jar:/Users/juneahn/.m2/repository/io/qameta/allure/allure-java-commons/2.8.1/allure-java-commons-2.8.1.jar:/Users/juneahn/.m2/repository/io/qameta/allure/allure-model/2.8.1/allure-model-2.8.1.jar:/Users/juneahn/.m2/repository/com/fasterxml/jackson/core/jackson-databind/2.9.7/jackson-databind-2.9.7.jar:/Users/juneahn/.m2/repository/com/fasterxml/jackson/core/jackson-annotations/2.9.0/jackson-annotations-2.9.0.jar:/Users/juneahn/.m2/repository/com/fasterxml/jackson/core/jackson-core/2.9.7/jackson-core-2.9.7.jar:/Users/juneahn/.m2/repository/org/apache/tika/tika-core/1.19.1/tika-core-1.19.1.jar:/Users/juneahn/.m2/repository/org/aspectj/aspectjrt/1.9.1/aspectjrt-1.9.1.jar:/Users/juneahn/.m2/repository/org/jooq/joor-java-8/0.9.9/joor-java-8-0.9.9.jar:/Users/juneahn/.m2/repository/org/hamcrest/hamcrest-all/1.3/hamcrest-all-1.3.jar:/Users/juneahn/.m2/repository/org/slf4j/slf4j-simple/1.7.21/slf4j-simple-1.7.21.jar:/Users/juneahn/.m2/repository/javax/servlet/servlet-api/3.0-alpha-1/servlet-api-3.0-alpha-1.jar:/Users/juneahn/.m2/repository/org/apache/maven/plugins/maven-resources-plugin/2.4.3/maven-resources-plugin-2.4.3.jar:/Users/juneahn/.m2/repository/org/apache/maven/maven-plugin-api/2.0.6/maven-plugin-api-2.0.6.jar:/Users/juneahn/.m2/repository/org/apache/maven/maven-project/2.0.6/maven-project-2.0.6.jar:/Users/juneahn/.m2/repository/org/apache/maven/maven-profile/2.0.6/maven-profile-2.0.6.jar:/Users/juneahn/.m2/repository/org/apache/maven/maven-artifact-manager/2.0.6/maven-artifact-manager-2.0.6.jar:/Users/juneahn/.m2/repository/org/apache/maven/maven-plugin-registry/2.0.6/maven-plugin-registry-2.0.6.jar:/Users/juneahn/.m2/repository/org/apache/maven/maven-core/2.0.6/maven-core-2.0.6.jar:/Users/juneahn/.m2/repository/org/apache/maven/wagon/wagon-file/1.0-beta-2/wagon-file-1.0-beta-2.jar:/Users/juneahn/.m2/repository/org/apache/maven/maven-plugin-parameter-documenter/2.0.6/maven-plugin-parameter-documenter-2.0.6.jar:/Users/juneahn/.m2/repository/org/apache/maven/wagon/wagon-http-lightweight/1.0-beta-2/wagon-http-lightweight-1.0-beta-2.jar:/Users/juneahn/.m2/repository/org/apache/maven/wagon/wagon-http-shared/1.0-beta-2/wagon-http-shared-1.0-beta-2.jar:/Users/juneahn/.m2/repository/jtidy/jtidy/4aug2000r7-dev/jtidy-4aug2000r7-dev.jar:/Users/juneahn/.m2/repository/org/apache/maven/reporting/maven-reporting-api/2.0.6/maven-reporting-api-2.0.6.jar:/Users/juneahn/.m2/repository/org/apache/maven/doxia/doxia-sink-api/1.0-alpha-7/doxia-sink-api-1.0-alpha-7.jar:/Users/juneahn/.m2/repository/org/apache/maven/wagon/wagon-provider-api/1.0-beta-2/wagon-provider-api-1.0-beta-2.jar:/Users/juneahn/.m2/repository/org/apache/maven/maven-repository-metadata/2.0.6/maven-repository-metadata-2.0.6.jar:/Users/juneahn/.m2/repository/org/apache/maven/maven-error-diagnostics/2.0.6/maven-error-diagnostics-2.0.6.jar:/Users/juneahn/.m2/repository/commons-cli/commons-cli/1.0/commons-cli-1.0.jar:/Users/juneahn/.m2/repository/org/apache/maven/wagon/wagon-ssh-external/1.0-beta-2/wagon-ssh-external-1.0-beta-2.jar:/Users/juneahn/.m2/repository/org/apache/maven/wagon/wagon-ssh-common/1.0-beta-2/wagon-ssh-common-1.0-beta-2.jar:/Users/juneahn/.m2/repository/org/apache/maven/maven-plugin-descriptor/2.0.6/maven-plugin-descriptor-2.0.6.jar:/Users/juneahn/.m2/repository/org/codehaus/plexus/plexus-interactivity-api/1.0-alpha-4/plexus-interactivity-api-1.0-alpha-4.jar:/Users/juneahn/.m2/repository/org/apache/maven/wagon/wagon-ssh/1.0-beta-2/wagon-ssh-1.0-beta-2.jar:/Users/juneahn/.m2/repository/com/jcraft/jsch/0.1.27/jsch-0.1.27.jar:/Users/juneahn/.m2/repository/classworlds/classworlds/1.1/classworlds-1.1.jar:/Users/juneahn/.m2/repository/org/apache/maven/maven-artifact/2.0.6/maven-artifact-2.0.6.jar:/Users/juneahn/.m2/repository/org/apache/maven/maven-settings/2.0.6/maven-settings-2.0.6.jar:/Users/juneahn/.m2/repository/org/apache/maven/maven-model/2.0.6/maven-model-2.0.6.jar:/Users/juneahn/.m2/repository/org/apache/maven/maven-monitor/2.0.6/maven-monitor-2.0.6.jar:/Users/juneahn/.m2/repository/org/codehaus/plexus/plexus-container-default/1.0-alpha-9-stable-1/plexus-container-default-1.0-alpha-9-stable-1.jar:/Users/juneahn/.m2/repository/junit/junit/3.8.1/junit-3.8.1.jar:/Users/juneahn/.m2/repository/org/codehaus/plexus/plexus-utils/2.0.5/plexus-utils-2.0.5.jar:/Users/juneahn/.m2/repository/org/apache/maven/shared/maven-filtering/1.0-beta-4/maven-filtering-1.0-beta-4.jar:/Users/juneahn/.m2/repository/org/sonatype/plexus/plexus-build-api/0.0.4/plexus-build-api-0.0.4.jar:/Users/juneahn/.m2/repository/org/codehaus/plexus/plexus-interpolation/1.13/plexus-interpolation-1.13.jar:/Users/juneahn/.m2/repository/org/codehaus/mojo/build-helper-maven-plugin/3.0.0/build-helper-maven-plugin-3.0.0.jar:/Users/juneahn/.m2/repository/org/beanshell/bsh/2.0b4/bsh-2.0b4.jar:/Users/juneahn/.m2/repository/org/apache/maven/shared/file-management/3.0.0/file-management-3.0.0.jar:/Users/juneahn/.m2/repository/org/apache/maven/shared/maven-shared-io/3.0.0/maven-shared-io-3.0.0.jar:/Users/juneahn/.m2/repository/org/apache/maven/maven-compat/3.0/maven-compat-3.0.jar:/Users/juneahn/.m2/repository/org/apache/maven/maven-model-builder/3.0/maven-model-builder-3.0.jar:/Users/juneahn/.m2/repository/org/sonatype/sisu/sisu-inject-plexus/1.4.2/sisu-inject-plexus-1.4.2.jar:/Users/juneahn/.m2/repository/org/codehaus/plexus/plexus-classworlds/2.2.3/plexus-classworlds-2.2.3.jar:/Users/juneahn/.m2/repository/org/sonatype/sisu/sisu-inject-bean/1.4.2/sisu-inject-bean-1.4.2.jar:/Users/juneahn/.m2/repository/org/sonatype/sisu/sisu-guice/2.1.7/sisu-guice-2.1.7-noaop.jar:/Users/juneahn/.m2/repository/org/codehaus/plexus/plexus-component-annotations/1.5.5/plexus-component-annotations-1.5.5.jar:/Users/juneahn/.m2/repository/org/apache/maven/shared/maven-shared-utils/3.0.0/maven-shared-utils-3.0.0.jar:/Users/juneahn/.m2/repository/org/apache/poi/poi-ooxml/3.15/poi-ooxml-3.15.jar:/Users/juneahn/.m2/repository/org/apache/poi/poi/3.15/poi-3.15.jar:/Users/juneahn/.m2/repository/org/apache/commons/commons-collections4/4.1/commons-collections4-4.1.jar:/Users/juneahn/.m2/repository/org/apache/poi/poi-ooxml-schemas/3.15/poi-ooxml-schemas-3.15.jar:/Users/juneahn/.m2/repository/org/apache/xmlbeans/xmlbeans/2.6.0/xmlbeans-2.6.0.jar:/Users/juneahn/.m2/repository/stax/stax-api/1.0.1/stax-api-1.0.1.jar:/Users/juneahn/.m2/repository/com/github/virtuald/curvesapi/1.04/curvesapi-1.04.jar:/Users/juneahn/.m2/repository/mysql/mysql-connector-java/5.1.6/mysql-connector-java-5.1.6.jar:/Users/juneahn/.m2/repository/org/apache/maven/surefire/surefire-testng-utils/2.22.0/surefire-testng-utils-2.22.0.jar:/Users/juneahn/.m2/repository/org/apache/maven/surefire/surefire-grouper/2.22.0/surefire-grouper-2.22.0.jar:/Users/juneahn/.m2/repository/org/apache/maven/surefire/surefire-testng/2.22.0/surefire-testng-2.22.0.jar:/Users/juneahn/.m2/repository/org/apache/maven/surefire/common-java5/2.22.0/common-java5-2.22.0.jar:/Users/juneahn/.m2/repository/org/aspectj/aspectjweaver/1.9.2/aspectjweaver-1.9.2.jar"/>
    <property name="surefire.suitXmlFiles" value="TestNG3.xml"/>
    <property name="java.vm.vendor" value="Oracle Corporation"/>
    <property name="sun.arch.data.model" value="64"/>
    <property name="java.vendor.url" value="http://java.oracle.com/"/>
    <property name="user.timezone" value=""/>
    <property name="java.vm.specification.version" value="1.8"/>
    <property name="os.name" value="Mac OS X"/>
    <property name="user.country" value="KR"/>
    <property name="sun.java.launcher" value="SUN_STANDARD"/>
    <property name="sun.boot.library.path" value="/Library/Java/JavaVirtualMachines/jdk1.8.0_221.jdk/Contents/Home/jre/lib"/>
    <property name="sun.java.command" value="org.apache.maven.surefire.booter.ForkedBooter /Users/juneahn/git/m_blia/target/surefire 2019-09-23T16-00-01_109-jvmRun1 surefire7696798492796706138tmp surefire_07797095986162670573tmp"/>
    <property name="http.nonProxyHosts" value="172.21.30.116|58.124.238.74|58.124.238.75|ahnlab.com|*.ahnlab.com|58.124.238.105|127.0.0.1:16105|*.127.0.0.1:16105|lx.astxsvc.com|*.lx.astxsvc.com|127.0.0.1:21300|*.127.0.0.1:21300|localhost|*.localhost|58.124.238.105|117.52.156.97"/>
    <property name="surefire.test.class.path" value="/Users/juneahn/git/m_blia/target/test-classes:/Users/juneahn/git/m_blia/target/classes:/Users/juneahn/.m2/repository/xml-apis/xml-apis/1.4.01/xml-apis-1.4.01.jar:/Users/juneahn/.m2/repository/javax/xml/bind/jaxb-api/2.3.1/jaxb-api-2.3.1.jar:/Users/juneahn/.m2/repository/javax/activation/javax.activation-api/1.2.0/javax.activation-api-1.2.0.jar:/Users/juneahn/.m2/repository/com/sun/xml/bind/jaxb-core/2.2.11/jaxb-core-2.2.11.jar:/Users/juneahn/.m2/repository/com/sun/xml/bind/jaxb-impl/2.2.11/jaxb-impl-2.2.11.jar:/Users/juneahn/.m2/repository/org/glassfish/jaxb/jaxb-runtime/2.3.0/jaxb-runtime-2.3.0.jar:/Users/juneahn/.m2/repository/org/glassfish/jaxb/jaxb-core/2.3.0/jaxb-core-2.3.0.jar:/Users/juneahn/.m2/repository/org/glassfish/jaxb/txw2/2.3.0/txw2-2.3.0.jar:/Users/juneahn/.m2/repository/com/sun/istack/istack-commons-runtime/3.0.5/istack-commons-runtime-3.0.5.jar:/Users/juneahn/.m2/repository/org/jvnet/staxex/stax-ex/1.7.8/stax-ex-1.7.8.jar:/Users/juneahn/.m2/repository/com/sun/xml/fastinfoset/FastInfoset/1.2.13/FastInfoset-1.2.13.jar:/Users/juneahn/.m2/repository/javax/activation/activation/1.1.1/activation-1.1.1.jar:/Users/juneahn/.m2/repository/io/appium/java-client/7.0.0/java-client-7.0.0.jar:/Users/juneahn/.m2/repository/org/seleniumhq/selenium/selenium-support/3.141.59/selenium-support-3.141.59.jar:/Users/juneahn/.m2/repository/org/seleniumhq/selenium/selenium-remote-driver/3.141.59/selenium-remote-driver-3.141.59.jar:/Users/juneahn/.m2/repository/net/bytebuddy/byte-buddy/1.8.15/byte-buddy-1.8.15.jar:/Users/juneahn/.m2/repository/org/apache/commons/commons-exec/1.3/commons-exec-1.3.jar:/Users/juneahn/.m2/repository/com/squareup/okhttp3/okhttp/3.11.0/okhttp-3.11.0.jar:/Users/juneahn/.m2/repository/com/squareup/okio/okio/1.14.0/okio-1.14.0.jar:/Users/juneahn/.m2/repository/org/seleniumhq/selenium/selenium-api/3.141.59/selenium-api-3.141.59.jar:/Users/juneahn/.m2/repository/com/google/code/gson/gson/2.8.5/gson-2.8.5.jar:/Users/juneahn/.m2/repository/org/apache/httpcomponents/httpclient/4.5.6/httpclient-4.5.6.jar:/Users/juneahn/.m2/repository/org/apache/httpcomponents/httpcore/4.4.10/httpcore-4.4.10.jar:/Users/juneahn/.m2/repository/commons-logging/commons-logging/1.2/commons-logging-1.2.jar:/Users/juneahn/.m2/repository/commons-codec/commons-codec/1.10/commons-codec-1.10.jar:/Users/juneahn/.m2/repository/cglib/cglib/3.2.8/cglib-3.2.8.jar:/Users/juneahn/.m2/repository/org/ow2/asm/asm/6.2.1/asm-6.2.1.jar:/Users/juneahn/.m2/repository/org/apache/ant/ant/1.10.3/ant-1.10.3.jar:/Users/juneahn/.m2/repository/org/apache/ant/ant-launcher/1.10.3/ant-launcher-1.10.3.jar:/Users/juneahn/.m2/repository/commons-validator/commons-validator/1.6/commons-validator-1.6.jar:/Users/juneahn/.m2/repository/commons-beanutils/commons-beanutils/1.9.2/commons-beanutils-1.9.2.jar:/Users/juneahn/.m2/repository/commons-digester/commons-digester/1.8.1/commons-digester-1.8.1.jar:/Users/juneahn/.m2/repository/commons-collections/commons-collections/3.2.2/commons-collections-3.2.2.jar:/Users/juneahn/.m2/repository/org/apache/commons/commons-lang3/3.8/commons-lang3-3.8.jar:/Users/juneahn/.m2/repository/commons-io/commons-io/2.6/commons-io-2.6.jar:/Users/juneahn/.m2/repository/org/springframework/spring-context/5.1.0.RELEASE/spring-context-5.1.0.RELEASE.jar:/Users/juneahn/.m2/repository/org/springframework/spring-aop/5.1.0.RELEASE/spring-aop-5.1.0.RELEASE.jar:/Users/juneahn/.m2/repository/org/springframework/spring-beans/5.1.0.RELEASE/spring-beans-5.1.0.RELEASE.jar:/Users/juneahn/.m2/repository/org/springframework/spring-core/5.1.0.RELEASE/spring-core-5.1.0.RELEASE.jar:/Users/juneahn/.m2/repository/org/springframework/spring-jcl/5.1.0.RELEASE/spring-jcl-5.1.0.RELEASE.jar:/Users/juneahn/.m2/repository/org/springframework/spring-expression/5.1.0.RELEASE/spring-expression-5.1.0.RELEASE.jar:/Users/juneahn/.m2/repository/org/aspectj/aspectjweaver/1.9.1/aspectjweaver-1.9.1.jar:/Users/juneahn/.m2/repository/org/slf4j/slf4j-api/1.7.25/slf4j-api-1.7.25.jar:/Users/juneahn/.m2/repository/com/google/guava/guava/23.0/guava-23.0.jar:/Users/juneahn/.m2/repository/com/google/code/findbugs/jsr305/1.3.9/jsr305-1.3.9.jar:/Users/juneahn/.m2/repository/com/google/errorprone/error_prone_annotations/2.0.18/error_prone_annotations-2.0.18.jar:/Users/juneahn/.m2/repository/com/google/j2objc/j2objc-annotations/1.1/j2objc-annotations-1.1.jar:/Users/juneahn/.m2/repository/org/codehaus/mojo/animal-sniffer-annotations/1.14/animal-sniffer-annotations-1.14.jar:/Users/juneahn/.m2/repository/org/testng/testng/6.14.3/testng-6.14.3.jar:/Users/juneahn/.m2/repository/com/beust/jcommander/1.72/jcommander-1.72.jar:/Users/juneahn/.m2/repository/org/apache-extras/beanshell/bsh/2.0b6/bsh-2.0b6.jar:/Users/juneahn/.m2/repository/org/seleniumhq/selenium/selenium-java/3.0.1/selenium-java-3.0.1.jar:/Users/juneahn/.m2/repository/org/seleniumhq/selenium/selenium-chrome-driver/3.0.1/selenium-chrome-driver-3.0.1.jar:/Users/juneahn/.m2/repository/org/seleniumhq/selenium/selenium-edge-driver/3.0.1/selenium-edge-driver-3.0.1.jar:/Users/juneahn/.m2/repository/org/seleniumhq/selenium/selenium-firefox-driver/3.0.1/selenium-firefox-driver-3.0.1.jar:/Users/juneahn/.m2/repository/org/seleniumhq/selenium/selenium-ie-driver/3.0.1/selenium-ie-driver-3.0.1.jar:/Users/juneahn/.m2/repository/org/seleniumhq/selenium/selenium-opera-driver/3.0.1/selenium-opera-driver-3.0.1.jar:/Users/juneahn/.m2/repository/org/seleniumhq/selenium/selenium-safari-driver/3.0.1/selenium-safari-driver-3.0.1.jar:/Users/juneahn/.m2/repository/io/netty/netty/3.5.7.Final/netty-3.5.7.Final.jar:/Users/juneahn/.m2/repository/net/sourceforge/htmlunit/htmlunit/2.23/htmlunit-2.23.jar:/Users/juneahn/.m2/repository/xalan/xalan/2.7.2/xalan-2.7.2.jar:/Users/juneahn/.m2/repository/xalan/serializer/2.7.2/serializer-2.7.2.jar:/Users/juneahn/.m2/repository/net/sourceforge/htmlunit/htmlunit-core-js/2.23/htmlunit-core-js-2.23.jar:/Users/juneahn/.m2/repository/net/sourceforge/htmlunit/neko-htmlunit/2.23/neko-htmlunit-2.23.jar:/Users/juneahn/.m2/repository/xerces/xercesImpl/2.11.0/xercesImpl-2.11.0.jar:/Users/juneahn/.m2/repository/net/sourceforge/cssparser/cssparser/0.9.20/cssparser-0.9.20.jar:/Users/juneahn/.m2/repository/org/w3c/css/sac/1.3/sac-1.3.jar:/Users/juneahn/.m2/repository/com/codeborne/phantomjsdriver/1.3.0/phantomjsdriver-1.3.0.jar:/Users/juneahn/.m2/repository/org/eclipse/jetty/websocket/websocket-client/9.2.15.v20160210/websocket-client-9.2.15.v20160210.jar:/Users/juneahn/.m2/repository/org/eclipse/jetty/jetty-util/9.2.15.v20160210/jetty-util-9.2.15.v20160210.jar:/Users/juneahn/.m2/repository/org/eclipse/jetty/jetty-io/9.2.15.v20160210/jetty-io-9.2.15.v20160210.jar:/Users/juneahn/.m2/repository/org/eclipse/jetty/websocket/websocket-common/9.2.15.v20160210/websocket-common-9.2.15.v20160210.jar:/Users/juneahn/.m2/repository/org/eclipse/jetty/websocket/websocket-api/9.2.15.v20160210/websocket-api-9.2.15.v20160210.jar:/Users/juneahn/.m2/repository/com/aventstack/extentreports/4.0.6/extentreports-4.0.6.jar:/Users/juneahn/.m2/repository/org/freemarker/freemarker/2.3.23/freemarker-2.3.23.jar:/Users/juneahn/.m2/repository/org/mongodb/mongodb-driver/3.3.0/mongodb-driver-3.3.0.jar:/Users/juneahn/.m2/repository/org/mongodb/mongodb-driver-core/3.3.0/mongodb-driver-core-3.3.0.jar:/Users/juneahn/.m2/repository/org/mongodb/bson/3.3.0/bson-3.3.0.jar:/Users/juneahn/.m2/repository/org/apache/httpcomponents/httpmime/4.5.2/httpmime-4.5.2.jar:/Users/juneahn/.m2/repository/io/qameta/allure/allure-testng/2.8.1/allure-testng-2.8.1.jar:/Users/juneahn/.m2/repository/io/qameta/allure/allure-descriptions-javadoc/2.8.1/allure-descriptions-javadoc-2.8.1.jar:/Users/juneahn/.m2/repository/io/qameta/allure/allure-java-commons/2.8.1/allure-java-commons-2.8.1.jar:/Users/juneahn/.m2/repository/io/qameta/allure/allure-model/2.8.1/allure-model-2.8.1.jar:/Users/juneahn/.m2/repository/com/fasterxml/jackson/core/jackson-databind/2.9.7/jackson-databind-2.9.7.jar:/Users/juneahn/.m2/repository/com/fasterxml/jackson/core/jackson-annotations/2.9.0/jackson-annotations-2.9.0.jar:/Users/juneahn/.m2/repository/com/fasterxml/jackson/core/jackson-core/2.9.7/jackson-core-2.9.7.jar:/Users/juneahn/.m2/repository/org/apache/tika/tika-core/1.19.1/tika-core-1.19.1.jar:/Users/juneahn/.m2/repository/org/aspectj/aspectjrt/1.9.1/aspectjrt-1.9.1.jar:/Users/juneahn/.m2/repository/org/jooq/joor-java-8/0.9.9/joor-java-8-0.9.9.jar:/Users/juneahn/.m2/repository/org/hamcrest/hamcrest-all/1.3/hamcrest-all-1.3.jar:/Users/juneahn/.m2/repository/org/slf4j/slf4j-simple/1.7.21/slf4j-simple-1.7.21.jar:/Users/juneahn/.m2/repository/javax/servlet/servlet-api/3.0-alpha-1/servlet-api-3.0-alpha-1.jar:/Users/juneahn/.m2/repository/org/apache/maven/plugins/maven-resources-plugin/2.4.3/maven-resources-plugin-2.4.3.jar:/Users/juneahn/.m2/repository/org/apache/maven/maven-plugin-api/2.0.6/maven-plugin-api-2.0.6.jar:/Users/juneahn/.m2/repository/org/apache/maven/maven-project/2.0.6/maven-project-2.0.6.jar:/Users/juneahn/.m2/repository/org/apache/maven/maven-profile/2.0.6/maven-profile-2.0.6.jar:/Users/juneahn/.m2/repository/org/apache/maven/maven-artifact-manager/2.0.6/maven-artifact-manager-2.0.6.jar:/Users/juneahn/.m2/repository/org/apache/maven/maven-plugin-registry/2.0.6/maven-plugin-registry-2.0.6.jar:/Users/juneahn/.m2/repository/org/apache/maven/maven-core/2.0.6/maven-core-2.0.6.jar:/Users/juneahn/.m2/repository/org/apache/maven/wagon/wagon-file/1.0-beta-2/wagon-file-1.0-beta-2.jar:/Users/juneahn/.m2/repository/org/apache/maven/maven-plugin-parameter-documenter/2.0.6/maven-plugin-parameter-documenter-2.0.6.jar:/Users/juneahn/.m2/repository/org/apache/maven/wagon/wagon-http-lightweight/1.0-beta-2/wagon-http-lightweight-1.0-beta-2.jar:/Users/juneahn/.m2/repository/org/apache/maven/wagon/wagon-http-shared/1.0-beta-2/wagon-http-shared-1.0-beta-2.jar:/Users/juneahn/.m2/repository/jtidy/jtidy/4aug2000r7-dev/jtidy-4aug2000r7-dev.jar:/Users/juneahn/.m2/repository/org/apache/maven/reporting/maven-reporting-api/2.0.6/maven-reporting-api-2.0.6.jar:/Users/juneahn/.m2/repository/org/apache/maven/doxia/doxia-sink-api/1.0-alpha-7/doxia-sink-api-1.0-alpha-7.jar:/Users/juneahn/.m2/repository/org/apache/maven/wagon/wagon-provider-api/1.0-beta-2/wagon-provider-api-1.0-beta-2.jar:/Users/juneahn/.m2/repository/org/apache/maven/maven-repository-metadata/2.0.6/maven-repository-metadata-2.0.6.jar:/Users/juneahn/.m2/repository/org/apache/maven/maven-error-diagnostics/2.0.6/maven-error-diagnostics-2.0.6.jar:/Users/juneahn/.m2/repository/commons-cli/commons-cli/1.0/commons-cli-1.0.jar:/Users/juneahn/.m2/repository/org/apache/maven/wagon/wagon-ssh-external/1.0-beta-2/wagon-ssh-external-1.0-beta-2.jar:/Users/juneahn/.m2/repository/org/apache/maven/wagon/wagon-ssh-common/1.0-beta-2/wagon-ssh-common-1.0-beta-2.jar:/Users/juneahn/.m2/repository/org/apache/maven/maven-plugin-descriptor/2.0.6/maven-plugin-descriptor-2.0.6.jar:/Users/juneahn/.m2/repository/org/codehaus/plexus/plexus-interactivity-api/1.0-alpha-4/plexus-interactivity-api-1.0-alpha-4.jar:/Users/juneahn/.m2/repository/org/apache/maven/wagon/wagon-ssh/1.0-beta-2/wagon-ssh-1.0-beta-2.jar:/Users/juneahn/.m2/repository/com/jcraft/jsch/0.1.27/jsch-0.1.27.jar:/Users/juneahn/.m2/repository/classworlds/classworlds/1.1/classworlds-1.1.jar:/Users/juneahn/.m2/repository/org/apache/maven/maven-artifact/2.0.6/maven-artifact-2.0.6.jar:/Users/juneahn/.m2/repository/org/apache/maven/maven-settings/2.0.6/maven-settings-2.0.6.jar:/Users/juneahn/.m2/repository/org/apache/maven/maven-model/2.0.6/maven-model-2.0.6.jar:/Users/juneahn/.m2/repository/org/apache/maven/maven-monitor/2.0.6/maven-monitor-2.0.6.jar:/Users/juneahn/.m2/repository/org/codehaus/plexus/plexus-container-default/1.0-alpha-9-stable-1/plexus-container-default-1.0-alpha-9-stable-1.jar:/Users/juneahn/.m2/repository/junit/junit/3.8.1/junit-3.8.1.jar:/Users/juneahn/.m2/repository/org/codehaus/plexus/plexus-utils/2.0.5/plexus-utils-2.0.5.jar:/Users/juneahn/.m2/repository/org/apache/maven/shared/maven-filtering/1.0-beta-4/maven-filtering-1.0-beta-4.jar:/Users/juneahn/.m2/repository/org/sonatype/plexus/plexus-build-api/0.0.4/plexus-build-api-0.0.4.jar:/Users/juneahn/.m2/repository/org/codehaus/plexus/plexus-interpolation/1.13/plexus-interpolation-1.13.jar:/Users/juneahn/.m2/repository/org/codehaus/mojo/build-helper-maven-plugin/3.0.0/build-helper-maven-plugin-3.0.0.jar:/Users/juneahn/.m2/repository/org/beanshell/bsh/2.0b4/bsh-2.0b4.jar:/Users/juneahn/.m2/repository/org/apache/maven/shared/file-management/3.0.0/file-management-3.0.0.jar:/Users/juneahn/.m2/repository/org/apache/maven/shared/maven-shared-io/3.0.0/maven-shared-io-3.0.0.jar:/Users/juneahn/.m2/repository/org/apache/maven/maven-compat/3.0/maven-compat-3.0.jar:/Users/juneahn/.m2/repository/org/apache/maven/maven-model-builder/3.0/maven-model-builder-3.0.jar:/Users/juneahn/.m2/repository/org/sonatype/sisu/sisu-inject-plexus/1.4.2/sisu-inject-plexus-1.4.2.jar:/Users/juneahn/.m2/repository/org/codehaus/plexus/plexus-classworlds/2.2.3/plexus-classworlds-2.2.3.jar:/Users/juneahn/.m2/repository/org/sonatype/sisu/sisu-inject-bean/1.4.2/sisu-inject-bean-1.4.2.jar:/Users/juneahn/.m2/repository/org/sonatype/sisu/sisu-guice/2.1.7/sisu-guice-2.1.7-noaop.jar:/Users/juneahn/.m2/repository/org/codehaus/plexus/plexus-component-annotations/1.5.5/plexus-component-annotations-1.5.5.jar:/Users/juneahn/.m2/repository/org/apache/maven/shared/maven-shared-utils/3.0.0/maven-shared-utils-3.0.0.jar:/Users/juneahn/.m2/repository/org/apache/poi/poi-ooxml/3.15/poi-ooxml-3.15.jar:/Users/juneahn/.m2/repository/org/apache/poi/poi/3.15/poi-3.15.jar:/Users/juneahn/.m2/repository/org/apache/commons/commons-collections4/4.1/commons-collections4-4.1.jar:/Users/juneahn/.m2/repository/org/apache/poi/poi-ooxml-schemas/3.15/poi-ooxml-schemas-3.15.jar:/Users/juneahn/.m2/repository/org/apache/xmlbeans/xmlbeans/2.6.0/xmlbeans-2.6.0.jar:/Users/juneahn/.m2/repository/stax/stax-api/1.0.1/stax-api-1.0.1.jar:/Users/juneahn/.m2/repository/com/github/virtuald/curvesapi/1.04/curvesapi-1.04.jar:/Users/juneahn/.m2/repository/mysql/mysql-connector-java/5.1.6/mysql-connector-java-5.1.6.jar:/Users/juneahn/.m2/repository/org/apache/maven/surefire/surefire-testng-utils/2.22.0/surefire-testng-utils-2.22.0.jar:/Users/juneahn/.m2/repository/org/apache/maven/surefire/surefire-grouper/2.22.0/surefire-grouper-2.22.0.jar:"/>
    <property name="sun.cpu.endian" value="little"/>
    <property name="user.home" value="/Users/juneahn"/>
    <property name="user.language" value="ko"/>
    <property name="java.specification.vendor" value="Oracle Corporation"/>
    <property name="java.home" value="/Library/Java/JavaVirtualMachines/jdk1.8.0_221.jdk/Contents/Home/jre"/>
    <property name="basedir" value="/Users/juneahn/git/m_blia"/>
    <property name="file.separator" value="/"/>
    <property name="line.separator" value="&#10;"/>
    <property name="java.vm.specification.vendor" value="Oracle Corporation"/>
    <property name="java.specification.name" value="Java Platform API Specification"/>
    <property name="java.awt.graphicsenv" value="sun.awt.CGraphicsEnvironment"/>
    <property name="sun.boot.class.path" value="/Library/Java/JavaVirtualMachines/jdk1.8.0_221.jdk/Contents/Home/jre/lib/resources.jar:/Library/Java/JavaVirtualMachines/jdk1.8.0_221.jdk/Contents/Home/jre/lib/rt.jar:/Library/Java/JavaVirtualMachines/jdk1.8.0_221.jdk/Contents/Home/jre/lib/sunrsasign.jar:/Library/Java/JavaVirtualMachines/jdk1.8.0_221.jdk/Contents/Home/jre/lib/jsse.jar:/Library/Java/JavaVirtualMachines/jdk1.8.0_221.jdk/Contents/Home/jre/lib/jce.jar:/Library/Java/JavaVirtualMachines/jdk1.8.0_221.jdk/Contents/Home/jre/lib/charsets.jar:/Library/Java/JavaVirtualMachines/jdk1.8.0_221.jdk/Contents/Home/jre/lib/jfr.jar:/Library/Java/JavaVirtualMachines/jdk1.8.0_221.jdk/Contents/Home/jre/classes"/>
    <property name="sun.management.compiler" value="HotSpot 64-Bit Tiered Compilers"/>
    <property name="ftp.nonProxyHosts" value="172.21.30.116|58.124.238.74|58.124.238.75|ahnlab.com|*.ahnlab.com|58.124.238.105|127.0.0.1:16105|*.127.0.0.1:16105|lx.astxsvc.com|*.lx.astxsvc.com|127.0.0.1:21300|*.127.0.0.1:21300|localhost|*.localhost|58.124.238.105|117.52.156.97"/>
    <property name="java.runtime.version" value="1.8.0_221-b11"/>
    <property name="user.name" value="juneahn"/>
    <property name="path.separator" value=":"/>
    <property name="os.version" value="10.14.6"/>
    <property name="java.endorsed.dirs" value="/Library/Java/JavaVirtualMachines/jdk1.8.0_221.jdk/Contents/Home/jre/lib/endorsed"/>
    <property name="java.runtime.name" value="Java(TM) SE Runtime Environment"/>
    <property name="file.encoding" value="UTF-8"/>
    <property name="java.vm.name" value="Java HotSpot(TM) 64-Bit Server VM"/>
    <property name="localRepository" value="/Users/juneahn/.m2/repository"/>
    <property name="java.vendor.url.bug" value="http://bugreport.sun.com/bugreport/"/>
    <property name="java.io.tmpdir" value="/var/folders/jx/gg9_0wc53jd3n162pn8lsz0m0000gn/T/"/>
    <property name="java.version" value="1.8.0_221"/>
    <property name="user.dir" value="/Users/juneahn/git/m_blia"/>
    <property name="os.arch" value="x86_64"/>
    <property name="java.vm.specification.name" value="Java Virtual Machine Specification"/>
    <property name="java.awt.printerjob" value="sun.lwawt.macosx.CPrinterJob"/>
    <property name="user.language.format" value="ko-Kore"/>
    <property name="sun.os.patch.level" value="unknown"/>
    <property name="java.library.path" value="/Users/juneahn/Library/Java/Extensions:/Library/Java/Extensions:/Network/Library/Java/Extensions:/System/Library/Java/Extensions:/usr/lib/java:."/>
    <property name="java.vm.info" value="mixed mode"/>
    <property name="java.vendor" value="Oracle Corporation"/>
    <property name="java.vm.version" value="25.221-b11"/>
    <property name="java.ext.dirs" value="/Users/juneahn/Library/Java/Extensions:/Library/Java/JavaVirtualMachines/jdk1.8.0_221.jdk/Contents/Home/jre/lib/ext:/Library/Java/Extensions:/Network/Library/Java/Extensions:/System/Library/Java/Extensions:/usr/lib/java"/>
    <property name="sun.io.unicode.encoding" value="UnicodeBig"/>
    <property name="java.class.version" value="52.0"/>
    <property name="socksNonProxyHosts" value="172.21.30.116|58.124.238.74|58.124.238.75|ahnlab.com|*.ahnlab.com|58.124.238.105|127.0.0.1:16105|*.127.0.0.1:16105|lx.astxsvc.com|*.lx.astxsvc.com|127.0.0.1:21300|*.127.0.0.1:21300|localhost|*.localhost|58.124.238.105|117.52.156.97"/>
  </properties>
  <testcase name="setUp" classname="com.ahnlab.testcase.Testcase" time="80.298">
    <failure message="Unable to create a new remote session. Original error: unexpected end of stream on Connection{127.0.0.1:4444, proxy=DIRECT hostAddress=/127.0.0.1:4444 cipherSuite=none protocol=http/1.1}&#10;Build info: version: &apos;3.141.59&apos;, revision: &apos;e82be7d358&apos;, time: &apos;2018-11-14T08:17:03&apos;&#10;System info: host: &apos;juneahn.local&apos;, ip: &apos;fe80:0:0:0:1066:3426:d5fd:547b%en0&apos;, os.name: &apos;Mac OS X&apos;, os.arch: &apos;x86_64&apos;, os.version: &apos;10.14.6&apos;, java.version: &apos;1.8.0_221&apos;&#10;Driver info: driver.version: AndroidDriver" type="org.openqa.selenium.SessionNotCreatedException">org.openqa.selenium.SessionNotCreatedException: 
Unable to create a new remote session. Original error: unexpected end of stream on Connection{127.0.0.1:4444, proxy=DIRECT hostAddress=/127.0.0.1:4444 cipherSuite=none protocol=http/1.1}
Build info: version: '3.141.59', revision: 'e82be7d358', time: '2018-11-14T08:17:03'
System info: host: 'juneahn.local', ip: 'fe80:0:0:0:1066:3426:d5fd:547b%en0', os.name: 'Mac OS X', os.arch: 'x86_64', os.version: '10.14.6', java.version: '1.8.0_221'
Driver info: driver.version: AndroidDriver
Caused by: java.lang.reflect.InvocationTargetException
Caused by: java.io.IOException: unexpected end of stream on Connection{127.0.0.1:4444, proxy=DIRECT hostAddress=/127.0.0.1:4444 cipherSuite=none protocol=http/1.1}
Caused by: java.io.EOFException: \n not found: limit=0 content=…
</failure>
  </testcase>
  <testcase name="setUp" classname="com.ahnlab.testcase.Testcase2" time="80.299">
    <failure message="Unable to create a new remote session. Original error: unexpected end of stream on Connection{127.0.0.1:4444, proxy=DIRECT hostAddress=/127.0.0.1:4444 cipherSuite=none protocol=http/1.1}&#10;Build info: version: &apos;3.141.59&apos;, revision: &apos;e82be7d358&apos;, time: &apos;2018-11-14T08:17:03&apos;&#10;System info: host: &apos;juneahn.local&apos;, ip: &apos;fe80:0:0:0:1066:3426:d5fd:547b%en0&apos;, os.name: &apos;Mac OS X&apos;, os.arch: &apos;x86_64&apos;, os.version: &apos;10.14.6&apos;, java.version: &apos;1.8.0_221&apos;&#10;Driver info: driver.version: AndroidDriver" type="org.openqa.selenium.SessionNotCreatedException">org.openqa.selenium.SessionNotCreatedException: 
Unable to create a new remote session. Original error: unexpected end of stream on Connection{127.0.0.1:4444, proxy=DIRECT hostAddress=/127.0.0.1:4444 cipherSuite=none protocol=http/1.1}
Build info: version: '3.141.59', revision: 'e82be7d358', time: '2018-11-14T08:17:03'
System info: host: 'juneahn.local', ip: 'fe80:0:0:0:1066:3426:d5fd:547b%en0', os.name: 'Mac OS X', os.arch: 'x86_64', os.version: '10.14.6', java.version: '1.8.0_221'
Driver info: driver.version: AndroidDriver
Caused by: java.lang.reflect.InvocationTargetException
Caused by: java.io.IOException: unexpected end of stream on Connection{127.0.0.1:4444, proxy=DIRECT hostAddress=/127.0.0.1:4444 cipherSuite=none protocol=http/1.1}
Caused by: java.io.EOFException: \n not found: limit=0 content=…
</failure>
  </testcase>
  <testcase name="testMethod" classname="com.ahnlab.testcase.Testcase" time="0">
    <skipped message="Unable to create a new remote session. Original error: unexpected end of stream on Connection{127.0.0.1:4444, proxy=DIRECT hostAddress=/127.0.0.1:4444 cipherSuite=none protocol=http/1.1}&#10;Build info: version: &apos;3.141.59&apos;, revision: &apos;e82be7d358&apos;, time: &apos;2018-11-14T08:17:03&apos;&#10;System info: host: &apos;juneahn.local&apos;, ip: &apos;fe80:0:0:0:1066:3426:d5fd:547b%en0&apos;, os.name: &apos;Mac OS X&apos;, os.arch: &apos;x86_64&apos;, os.version: &apos;10.14.6&apos;, java.version: &apos;1.8.0_221&apos;&#10;Driver info: driver.version: AndroidDriver"/>
  </testcase>
  <testcase name="testMethod" classname="com.ahnlab.testcase.Testcase2" time="0">
    <skipped message="Unable to create a new remote session. Original error: unexpected end of stream on Connection{127.0.0.1:4444, proxy=DIRECT hostAddress=/127.0.0.1:4444 cipherSuite=none protocol=http/1.1}&#10;Build info: version: &apos;3.141.59&apos;, revision: &apos;e82be7d358&apos;, time: &apos;2018-11-14T08:17:03&apos;&#10;System info: host: &apos;juneahn.local&apos;, ip: &apos;fe80:0:0:0:1066:3426:d5fd:547b%en0&apos;, os.name: &apos;Mac OS X&apos;, os.arch: &apos;x86_64&apos;, os.version: &apos;10.14.6&apos;, java.version: &apos;1.8.0_221&apos;&#10;Driver info: driver.version: AndroidDriver"/>
  </testcase>
  <testcase name="tearDown" classname="com.ahnlab.testcase.Testcase2" time="0">
    <skipped/>
  </testcase>
  <testcase name="tearDown" classname="com.ahnlab.testcase.Testcase" time="0">
    <skipped/>
  </testcase>
</testsuite>